0 info it worked if it ends with ok
1 verbose cli [ 'C:\\Program Files\\nodejs\\node.exe',
1 verbose cli   'C:\\Program Files\\nodejs\\node_modules\\npm\\bin\\npm-cli.js',
1 verbose cli   'run',
1 verbose cli   'build-css' ]
2 info using npm@2.15.0
3 info using node@v4.4.2
4 verbose run-script [ 'prebuild-css', 'build-css', 'postbuild-css' ]
5 info prebuild-css web-server-code@1.0.0
6 info build-css web-server-code@1.0.0
7 verbose unsafe-perm in lifecycle true
8 info web-server-code@1.0.0 Failed to exec build-css script
9 verbose stack Error: web-server-code@1.0.0 build-css: `node-sass --include-path scss static/scss/main.scss static/css/main.css`
9 verbose stack Exit status 1
9 verbose stack     at EventEmitter.<anonymous> (C:\Program Files\nodejs\node_modules\npm\lib\utils\lifecycle.js:217:16)
9 verbose stack     at emitTwo (events.js:87:13)
9 verbose stack     at EventEmitter.emit (events.js:172:7)
9 verbose stack     at ChildProcess.<anonymous> (C:\Program Files\nodejs\node_modules\npm\lib\utils\spawn.js:24:14)
9 verbose stack     at emitTwo (events.js:87:13)
9 verbose stack     at ChildProcess.emit (events.js:172:7)
9 verbose stack     at maybeClose (internal/child_process.js:827:16)
9 verbose stack     at Process.ChildProcess._handle.onexit (internal/child_process.js:211:5)
10 verbose pkgid web-server-code@1.0.0
11 verbose cwd C:\Users\conor\git\web-server-code
12 error Windows_NT 6.3.9600
13 error argv "C:\\Program Files\\nodejs\\node.exe" "C:\\Program Files\\nodejs\\node_modules\\npm\\bin\\npm-cli.js" "run" "build-css"
14 error node v4.4.2
15 error npm  v2.15.0
16 error code ELIFECYCLE
17 error web-server-code@1.0.0 build-css: `node-sass --include-path scss static/scss/main.scss static/css/main.css`
17 error Exit status 1
18 error Failed at the web-server-code@1.0.0 build-css script 'node-sass --include-path scss static/scss/main.scss static/css/main.css'.
18 error This is most likely a problem with the web-server-code package,
18 error not with npm itself.
18 error Tell the author that this fails on your system:
18 error     node-sass --include-path scss static/scss/main.scss static/css/main.css
18 error You can get information on how to open an issue for this project with:
18 error     npm bugs web-server-code
18 error Or if that isn't available, you can get their info via:
18 error
18 error     npm owner ls web-server-code
18 error There is likely additional logging output above.
19 verbose exit [ 1, true ]
